<?xml version="1.0" encoding="UTF-8"?>
<testsuite xmlns:xsi="http://www.w3.org/2001/XMLSchema-instance" xsi:noNamespaceSchemaLocation="https://maven.apache.org/surefire/maven-surefire-plugin/xsd/surefire-test-report-3.0.xsd" version="3.0" name="TestViewFacturaGestion" time="0.012" tests="0" errors="0" skipped="0" failures="0">
  <properties>
    <property name="java.specification.version" value="24"/>
    <property name="sun.cpu.isalist" value="amd64"/>
    <property name="sun.jnu.encoding" value="Cp1252"/>
    <property name="java.class.path" value="C:\Users\leonn\OneDrive\Desktop\hospital terminado\Hospital\SistemaHospital\frontend\FrontEndHosp\target\test-classes;C:\Users\leonn\OneDrive\Desktop\hospital terminado\Hospital\SistemaHospital\frontend\FrontEndHosp\target\classes;C:\Users\leonn\.m2\repository\com\toedter\jcalendar\1.4\jcalendar-1.4.jar;C:\Users\leonn\.m2\repository\com\itextpdf\kernel\7.2.5\kernel-7.2.5.jar;C:\Users\leonn\.m2\repository\com\itextpdf\io\7.2.5\io-7.2.5.jar;C:\Users\leonn\.m2\repository\com\itextpdf\commons\7.2.5\commons-7.2.5.jar;C:\Users\leonn\.m2\repository\org\bouncycastle\bcpkix-jdk15on\1.70\bcpkix-jdk15on-1.70.jar;C:\Users\leonn\.m2\repository\org\bouncycastle\bcutil-jdk15on\1.70\bcutil-jdk15on-1.70.jar;C:\Users\leonn\.m2\repository\org\bouncycastle\bcprov-jdk15on\1.70\bcprov-jdk15on-1.70.jar;C:\Users\leonn\.m2\repository\org\slf4j\slf4j-api\1.7.36\slf4j-api-1.7.36.jar;C:\Users\leonn\.m2\repository\com\itextpdf\layout\7.2.5\layout-7.2.5.jar;C:\Users\leonn\.m2\repository\com\formdev\flatlaf\3.6\flatlaf-3.6.jar;C:\Users\leonn\.m2\repository\com\fasterxml\jackson\core\jackson-databind\2.17.0\jackson-databind-2.17.0.jar;C:\Users\leonn\.m2\repository\com\fasterxml\jackson\core\jackson-annotations\2.17.0\jackson-annotations-2.17.0.jar;C:\Users\leonn\.m2\repository\com\fasterxml\jackson\core\jackson-core\2.17.0\jackson-core-2.17.0.jar;C:\Users\leonn\.m2\repository\net\bytebuddy\byte-buddy\1.14.9\byte-buddy-1.14.9.jar;C:\Users\leonn\.m2\repository\com\google\code\gson\gson\2.10.1\gson-2.10.1.jar;C:\Users\leonn\.m2\repository\io\github\bhaskarkh\PdfInvoiceCreator\1.0.1\PdfInvoiceCreator-1.0.1.jar;C:\Users\leonn\.m2\repository\com\itextpdf\barcodes\7.0.4\barcodes-7.0.4.jar;C:\Users\leonn\.m2\repository\com\itextpdf\font-asian\7.0.4\font-asian-7.0.4.jar;C:\Users\leonn\.m2\repository\com\itextpdf\forms\7.0.4\forms-7.0.4.jar;C:\Users\leonn\.m2\repository\com\itextpdf\hyph\7.0.4\hyph-7.0.4.jar;C:\Users\leonn\.m2\repository\com\itextpdf\pdfa\7.0.4\pdfa-7.0.4.jar;C:\Users\leonn\.m2\repository\com\itextpdf\sign\7.0.4\sign-7.0.4.jar;C:\Users\leonn\.m2\repository\org\projectlombok\lombok\1.18.24\lombok-1.18.24.jar;C:\Users\leonn\.m2\repository\org\netbeans\external\AbsoluteLayout\RELEASE260\AbsoluteLayout-RELEASE260.jar;"/>
    <property name="java.vm.vendor" value="Azul Systems, Inc."/>
    <property name="sun.arch.data.model" value="64"/>
    <property name="user.variant" value=""/>
    <property name="java.vendor.url" value="http://www.azul.com/"/>
    <property name="user.timezone" value="America/Guatemala"/>
    <property name="user.country.format" value="US"/>
    <property name="os.name" value="Windows 11"/>
    <property name="java.vm.specification.version" value="24"/>
    <property name="user.country" value="MX"/>
    <property name="sun.java.launcher" value="SUN_STANDARD"/>
    <property name="sun.boot.library.path" value="C:\Program Files\Apache NetBeans\jdk\bin"/>
    <property name="sun.java.command" value="C:\Users\leonn\AppData\Local\Temp\surefire12400809708282167429\surefirebooter-20250614151047058_3.jar C:\Users\leonn\AppData\Local\Temp\surefire12400809708282167429 2025-06-14T15-10-46_855-jvmRun1 surefire-20250614151047058_1tmp surefire_0-20250614151047058_2tmp"/>
    <property name="jdk.debug" value="release"/>
    <property name="surefire.test.class.path" value="C:\Users\leonn\OneDrive\Desktop\hospital terminado\Hospital\SistemaHospital\frontend\FrontEndHosp\target\test-classes;C:\Users\leonn\OneDrive\Desktop\hospital terminado\Hospital\SistemaHospital\frontend\FrontEndHosp\target\classes;C:\Users\leonn\.m2\repository\com\toedter\jcalendar\1.4\jcalendar-1.4.jar;C:\Users\leonn\.m2\repository\com\itextpdf\kernel\7.2.5\kernel-7.2.5.jar;C:\Users\leonn\.m2\repository\com\itextpdf\io\7.2.5\io-7.2.5.jar;C:\Users\leonn\.m2\repository\com\itextpdf\commons\7.2.5\commons-7.2.5.jar;C:\Users\leonn\.m2\repository\org\bouncycastle\bcpkix-jdk15on\1.70\bcpkix-jdk15on-1.70.jar;C:\Users\leonn\.m2\repository\org\bouncycastle\bcutil-jdk15on\1.70\bcutil-jdk15on-1.70.jar;C:\Users\leonn\.m2\repository\org\bouncycastle\bcprov-jdk15on\1.70\bcprov-jdk15on-1.70.jar;C:\Users\leonn\.m2\repository\org\slf4j\slf4j-api\1.7.36\slf4j-api-1.7.36.jar;C:\Users\leonn\.m2\repository\com\itextpdf\layout\7.2.5\layout-7.2.5.jar;C:\Users\leonn\.m2\repository\com\formdev\flatlaf\3.6\flatlaf-3.6.jar;C:\Users\leonn\.m2\repository\com\fasterxml\jackson\core\jackson-databind\2.17.0\jackson-databind-2.17.0.jar;C:\Users\leonn\.m2\repository\com\fasterxml\jackson\core\jackson-annotations\2.17.0\jackson-annotations-2.17.0.jar;C:\Users\leonn\.m2\repository\com\fasterxml\jackson\core\jackson-core\2.17.0\jackson-core-2.17.0.jar;C:\Users\leonn\.m2\repository\net\bytebuddy\byte-buddy\1.14.9\byte-buddy-1.14.9.jar;C:\Users\leonn\.m2\repository\com\google\code\gson\gson\2.10.1\gson-2.10.1.jar;C:\Users\leonn\.m2\repository\io\github\bhaskarkh\PdfInvoiceCreator\1.0.1\PdfInvoiceCreator-1.0.1.jar;C:\Users\leonn\.m2\repository\com\itextpdf\barcodes\7.0.4\barcodes-7.0.4.jar;C:\Users\leonn\.m2\repository\com\itextpdf\font-asian\7.0.4\font-asian-7.0.4.jar;C:\Users\leonn\.m2\repository\com\itextpdf\forms\7.0.4\forms-7.0.4.jar;C:\Users\leonn\.m2\repository\com\itextpdf\hyph\7.0.4\hyph-7.0.4.jar;C:\Users\leonn\.m2\repository\com\itextpdf\pdfa\7.0.4\pdfa-7.0.4.jar;C:\Users\leonn\.m2\repository\com\itextpdf\sign\7.0.4\sign-7.0.4.jar;C:\Users\leonn\.m2\repository\org\projectlombok\lombok\1.18.24\lombok-1.18.24.jar;C:\Users\leonn\.m2\repository\org\netbeans\external\AbsoluteLayout\RELEASE260\AbsoluteLayout-RELEASE260.jar;"/>
    <property name="sun.cpu.endian" value="little"/>
    <property name="user.home" value="C:\Users\leonn"/>
    <property name="user.language" value="es"/>
    <property name="java.specification.vendor" value="Oracle Corporation"/>
    <property name="java.version.date" value="2025-04-15"/>
    <property name="java.home" value="C:\Program Files\Apache NetBeans\jdk"/>
    <property name="file.separator" value="\"/>
    <property name="basedir" value="C:\Users\leonn\OneDrive\Desktop\hospital terminado\Hospital\SistemaHospital\frontend\FrontEndHosp"/>
    <property name="java.vm.compressedOopsMode" value="Zero based"/>
    <property name="line.separator" value="&#10;"/>
    <property name="java.vm.specification.vendor" value="Oracle Corporation"/>
    <property name="java.specification.name" value="Java Platform API Specification"/>
    <property name="surefire.real.class.path" value="C:\Users\leonn\AppData\Local\Temp\surefire12400809708282167429\surefirebooter-20250614151047058_3.jar"/>
    <property name="user.script" value=""/>
    <property name="sun.management.compiler" value="HotSpot 64-Bit Tiered Compilers"/>
    <property name="java.runtime.version" value="24.0.1+9"/>
    <property name="user.name" value="leonn"/>
    <property name="stdout.encoding" value="Cp1252"/>
    <property name="path.separator" value=";"/>
    <property name="os.version" value="10.0"/>
    <property name="java.runtime.name" value="OpenJDK Runtime Environment"/>
    <property name="file.encoding" value="UTF-8"/>
    <property name="java.vm.name" value="OpenJDK 64-Bit Server VM"/>
    <property name="java.vendor.version" value="Zulu24.30+11-CA"/>
    <property name="maven.ext.class.path" value="C:\Program Files\Apache NetBeans\java\maven-nblib\netbeans-eventspy.jar"/>
    <property name="localRepository" value="C:\Users\leonn\.m2\repository"/>
    <property name="java.vendor.url.bug" value="http://www.azul.com/support/"/>
    <property name="java.io.tmpdir" value="C:\Users\leonn\AppData\Local\Temp\"/>
    <property name="java.version" value="24.0.1"/>
    <property name="user.dir" value="C:\Users\leonn\OneDrive\Desktop\hospital terminado\Hospital\SistemaHospital\frontend\FrontEndHosp"/>
    <property name="os.arch" value="amd64"/>
    <property name="java.vm.specification.name" value="Java Virtual Machine Specification"/>
    <property name="user.language.format" value="en"/>
    <property name="sun.os.patch.level" value=""/>
    <property name="native.encoding" value="Cp1252"/>
    <property name="java.library.path" value="C:\Program Files\Apache NetBeans\jdk\bin;C:\WINDOWS\Sun\Java\bin;C:\WINDOWS\system32;C:\WINDOWS;C:\Program Files\Common Files\Oracle\Java\javapath;C:\windows\system32;C:\windows;C:\windows\System32\Wbem;C:\windows\System32\WindowsPowerShell\v1.0\;C:\windows\System32\OpenSSH\;C:\Program Files (x86)\NVIDIA Corporation\PhysX\Common;C:\Program Files\NVIDIA Corporation\NVIDIA NvDLISR;C:\Users\Administrator\AppData\Local\Microsoft\WindowsApps;C:\Program Files\HP\OMEN-Broadcast\Common;C:\Program Files (x86)\Microsoft SQL Server\160\Tools\Binn\;C:\Program Files\Microsoft SQL Server\160\Tools\Binn\;C:\Program Files\Microsoft SQL Server\Client SDK\ODBC\170\Tools\Binn\;C:\Program Files\Microsoft SQL Server\160\DTS\Binn\;C:\WINDOWS\system32;C:\WINDOWS;C:\WINDOWS\System32\Wbem;C:\WINDOWS\System32\WindowsPowerShell\v1.0\;C:\WINDOWS\System32\OpenSSH\;C:\Program Files\Git\cmd;C:\Users\leonn\Downloads\sqlite-tools-win-x64-3490100;C:\Program Files (x86)\Microsoft SQL Server\160\DTS\Binn\;C:\Program Files\dotnet\;C:\Program Files\Microsoft SQL Server\150\Tools\Binn\;C:\Users\leonn\AppData\Local\Microsoft\WindowsApps;C:\Users\leonn\.dotnet\tools;C:\Users\leonn\AppData\Local\Programs\Microsoft VS Code\bin;."/>
    <property name="java.vm.info" value="mixed mode, sharing"/>
    <property name="stderr.encoding" value="Cp1252"/>
    <property name="java.vendor" value="Azul Systems, Inc."/>
    <property name="java.vm.version" value="24.0.1+9"/>
    <property name="sun.io.unicode.encoding" value="UnicodeLittle"/>
    <property name="java.class.version" value="68.0"/>
  </properties>
</testsuite>